<?xml version="1.0" encoding="UTF-8"?>
<!-- Generated by org.testng.reporters.JUnitXMLReporter -->
<testsuite hostname="DESKTOP-UAU9ODK" ignored="3" name="Test" tests="1" failures="0" timestamp="2021-11-14T19:34:34 IST" time="0.038" errors="0">
  <testcase name="MethodOne" time="0.004" classname="TestNGPractice.ClassTwo"/>
  <testcase name="MethodThree" time="0.0" classname="TestNGPractice.ClassTwo">
    <ignored/>
  </testcase> <!-- MethodThree -->
  <testcase name="MethodOne" time="0.0" classname="TestNGPractice.ClassOne">
    <ignored/>
  </testcase> <!-- MethodOne -->
  <testcase name="MethodTwo" time="0.0" classname="TestNGPractice.ClassTwo">
    <ignored/>
  </testcase> <!-- MethodTwo -->
</testsuite> <!-- Test -->
