<?xml version="1.0" encoding="UTF-8"?>
<testsuite xmlns:xsi="http://www.w3.org/2001/XMLSchema-instance" xsi:noNamespaceSchemaLocation="https://maven.apache.org/surefire/maven-surefire-plugin/xsd/surefire-test-report-3.0.xsd" version="3.0" name="TestSuite" time="1.21" tests="2" errors="0" skipped="0" failures="0">
  <properties>
[...]
</properties>
  <testcase name="add" classname="tpack.ClassOne" time="0.01">
    <system-out><![CDATA[Hellow Maven
]]></system-out>
  </testcase>
  <testcase name="add" classname="tpack.ClassOne" time="0.002">
    <system-out><![CDATA[Hellow Maven
]]></system-out>
  </testcase>
</testsuite>