<?xml version="1.0" encoding="UTF-8"?>
<testng-results skipped="0" failed="0" ignored="0" total="2" passed="2">
  <reporter-output>
  </reporter-output>
  <suite name="Suite" duration-ms="4849" started-at="2022-04-12T20:10:57 IST" finished-at="2022-04-12T20:11:01 IST">
    <groups>
    </groups>
    <test name="Test" duration-ms="4849" started-at="2022-04-12T20:10:57 IST" finished-at="2022-04-12T20:11:01 IST">
      <class name="tpack.ClassOne">
        <test-method status="PASS" signature="add()[pri:0, instance:tpack.ClassOne@d44fc21]" name="add" duration-ms="4821" started-at="2022-04-12T20:10:57 IST" finished-at="2022-04-12T20:11:01 IST">
          <reporter-output>
          </reporter-output>
        </test-method> <!-- add -->
      </class> <!-- tpack.ClassOne -->
    </test> <!-- Test -->
  </suite> <!-- Suite -->
  <suite name="Suite (0)" duration-ms="2797" started-at="2022-04-12T20:11:01 IST" finished-at="2022-04-12T20:11:04 IST">
    <groups>
    </groups>
    <test name="Test" duration-ms="2797" started-at="2022-04-12T20:11:01 IST" finished-at="2022-04-12T20:11:04 IST">
      <class name="tpack.ClassOne">
        <test-method status="PASS" signature="add()[pri:0, instance:tpack.ClassOne@2173f6d9]" name="add" duration-ms="2792" started-at="2022-04-12T20:11:01 IST" finished-at="2022-04-12T20:11:04 IST">
          <reporter-output>
          </reporter-output>
        </test-method> <!-- add -->
      </class> <!-- tpack.ClassOne -->
    </test> <!-- Test -->
  </suite> <!-- Suite (0) -->
</testng-results>
