<?xml version="1.0" encoding="UTF-8"?>
<testng-results skipped="0" failed="0" ignored="0" total="2" passed="2">
  <reporter-output>
  </reporter-output>
  <suite name="Suite" duration-ms="66" started-at="2021-11-09T17:44:04 IST" finished-at="2021-11-09T17:44:04 IST">
    <groups>
    </groups>
    <test name="Test" duration-ms="66" started-at="2021-11-09T17:44:04 IST" finished-at="2021-11-09T17:44:04 IST">
      <class name="tpack.ClassOne">
        <test-method status="PASS" signature="add()[pri:0, instance:tpack.ClassOne@31dc339b]" name="add" duration-ms="7" started-at="2021-11-09T17:44:04 IST" finished-at="2021-11-09T17:44:04 IST">
          <reporter-output>
          </reporter-output>
        </test-method> <!-- add -->
      </class> <!-- tpack.ClassOne -->
    </test> <!-- Test -->
  </suite> <!-- Suite -->
  <suite name="Suite (0)" duration-ms="2" started-at="2021-11-09T17:44:04 IST" finished-at="2021-11-09T17:44:04 IST">
    <groups>
    </groups>
    <test name="Test" duration-ms="2" started-at="2021-11-09T17:44:04 IST" finished-at="2021-11-09T17:44:04 IST">
      <class name="tpack.ClassOne">
        <test-method status="PASS" signature="add()[pri:0, instance:tpack.ClassOne@35d176f7]" name="add" duration-ms="0" started-at="2021-11-09T17:44:04 IST" finished-at="2021-11-09T17:44:04 IST">
          <reporter-output>
          </reporter-output>
        </test-method> <!-- add -->
      </class> <!-- tpack.ClassOne -->
    </test> <!-- Test -->
  </suite> <!-- Suite (0) -->
</testng-results>
