<?xml version="1.0" encoding="UTF-8"?>
<!-- Generated by org.testng.reporters.JUnitXMLReporter -->
<testsuite hostname="DESKTOP-UAU9ODK" failures="0" tests="60" name="Test" time="130.062" errors="0" timestamp="4 Jun 2021 11:15:10 GMT">
  <testcase classname="Day1.BrowserLanching7" name="f6" time="7.666"/>
  <testcase classname="Day1.BrowserLanching7" name="f2" time="7.725"/>
  <testcase classname="Day1.BrowserLanching8" name="f3" time="13.103"/>
  <testcase classname="Day1.BrowserLanching8" name="f2" time="13.578"/>
  <testcase classname="Day1.BrowserLanching7" name="f3" time="17.181"/>
  <testcase classname="Day1.BrowserLanching8" name="f1" time="17.214"/>
  <testcase classname="Day1.BrowserLanching8" name="f4" time="21.525"/>
  <testcase classname="Day1.BrowserLanching7" name="f5" time="22.223"/>
  <testcase classname="Day1.BrowserLanching7" name="f1" time="25.832"/>
  <testcase classname="Day1.BrowserLanching7" name="f4" time="25.982"/>
  <testcase classname="Day1.BrowserLanching8" name="f5" time="22.29"/>
  <testcase classname="Day1.BrowserLanching8" name="f6" time="22.358"/>
  <testcase classname="Day1.BrowserLanching5" name="f1" time="20.656"/>
  <testcase classname="Day1.BrowserLanching5" name="f2" time="20.582"/>
  <testcase classname="Day1.BrowserLanching5" name="f3" time="20.441"/>
  <testcase classname="Day1.BrowserLanching5" name="f4" time="21.131"/>
  <testcase classname="Day1.BrowserLanching5" name="f5" time="20.878"/>
  <testcase classname="Day1.BrowserLanching5" name="f6" time="20.815"/>
  <testcase classname="Day1.BrowserLanching6" name="f1" time="20.765"/>
  <testcase classname="Day1.BrowserLanching6" name="f2" time="20.869"/>
  <testcase classname="Day1.BrowserLanching6" name="f4" time="21.079"/>
  <testcase classname="Day1.BrowserLanching6" name="f3" time="21.426"/>
  <testcase classname="Day1.BrowserLanching6" name="f5" time="21.41"/>
  <testcase classname="Day1.BrowserLanching6" name="f6" time="21.214"/>
  <testcase classname="Day1.BrowserLanching3" name="f1" time="22.009"/>
  <testcase classname="Day1.BrowserLanching3" name="f2" time="21.77"/>
  <testcase classname="Day1.BrowserLanching3" name="f3" time="22.209"/>
  <testcase classname="Day1.BrowserLanching3" name="f4" time="21.685"/>
  <testcase classname="Day1.BrowserLanching3" name="f5" time="23.12"/>
  <testcase classname="Day1.BrowserLanching3" name="f6" time="24.377"/>
  <testcase classname="Day1.BrowserLanching4" name="f1" time="24.003"/>
  <testcase classname="Day1.BrowserLanching4" name="f2" time="25.465"/>
  <testcase classname="Day1.BrowserLanching4" name="f3" time="24.148"/>
  <testcase classname="Day1.BrowserLanching4" name="f4" time="25.401"/>
  <testcase classname="Day1.BrowserLanching4" name="f5" time="24.108"/>
  <testcase classname="Day1.BrowserLanching4" name="f6" time="24.949"/>
  <testcase classname="Day1.BrowserLanching2" name="f1" time="23.219"/>
  <testcase classname="Day1.BrowserLanching2" name="f2" time="24.185"/>
  <testcase classname="Day1.BrowserLanching2" name="f3" time="21.997"/>
  <testcase classname="Day1.BrowserLanching2" name="f4" time="21.795"/>
  <testcase classname="Day1.BrowserLanching2" name="f5" time="20.65"/>
  <testcase classname="Day1.BrowserLanching2" name="f6" time="20.31"/>
  <testcase classname="Day1.BrowserLanching" name="f1" time="20.457"/>
  <testcase classname="Day1.BrowserLanching" name="f2" time="20.879"/>
  <testcase classname="Day1.BrowserLanching" name="f3" time="20.233"/>
  <testcase classname="Day1.BrowserLanching" name="f4" time="21.048"/>
  <testcase classname="Day1.BrowserLanching" name="f5" time="19.795"/>
  <testcase classname="Day1.BrowserLanching" name="f6" time="20.586"/>
  <testcase classname="Day1.BrowserLanching10" name="f1" time="19.172"/>
  <testcase classname="Day1.BrowserLanching10" name="f2" time="19.583"/>
  <testcase classname="Day1.BrowserLanching10" name="f3" time="18.492"/>
  <testcase classname="Day1.BrowserLanching10" name="f4" time="19.07"/>
  <testcase classname="Day1.BrowserLanching10" name="f5" time="17.956"/>
  <testcase classname="Day1.BrowserLanching10" name="f6" time="17.802"/>
  <testcase classname="Day1.BrowserLanching9" name="f1" time="17.182"/>
  <testcase classname="Day1.BrowserLanching9" name="f2" time="16.93"/>
  <testcase classname="Day1.BrowserLanching9" name="f3" time="17.404"/>
  <testcase classname="Day1.BrowserLanching9" name="f4" time="17.023"/>
  <testcase classname="Day1.BrowserLanching9" name="f5" time="17.884"/>
  <testcase classname="Day1.BrowserLanching9" name="f6" time="17.405"/>
</testsuite> <!-- Test -->
