<?xml version="1.0" encoding="UTF-8"?>
<testng-results skipped="0" failed="0" ignored="3" total="5" passed="2">
  <reporter-output>
  </reporter-output>
  <suite name="Suite" duration-ms="0" started-at="2021-11-14T19:34:34 IST" finished-at="2021-11-14T19:34:34 IST">
    <groups>
    </groups>
  </suite> <!-- Suite -->
  <suite name="Suite (1)" duration-ms="38" started-at="2021-11-14T19:34:34 IST" finished-at="2021-11-14T19:34:34 IST">
    <groups>
      <group name="smoke">
        <method signature="ClassTwo.MethodOne()[pri:0, instance:TestNGPractice.ClassTwo@64d7f7e0]" name="MethodOne" class="TestNGPractice.ClassTwo"/>
      </group> <!-- smoke -->
    </groups>
    <test name="Test" duration-ms="38" started-at="2021-11-14T19:34:34 IST" finished-at="2021-11-14T19:34:34 IST">
      <class name="TestNGPractice.ClassTwo">
        <test-method status="PASS" signature="MethodOne()[pri:0, instance:TestNGPractice.ClassTwo@64d7f7e0]" name="MethodOne" duration-ms="4" started-at="2021-11-14T19:34:34 IST" finished-at="2021-11-14T19:34:34 IST">
          <reporter-output>
          </reporter-output>
        </test-method> <!-- MethodOne -->
      </class> <!-- TestNGPractice.ClassTwo -->
    </test> <!-- Test -->
  </suite> <!-- Suite (1) -->
  <suite name="Suite (0)" duration-ms="60" started-at="2021-11-14T19:34:34 IST" finished-at="2021-11-14T19:34:34 IST">
    <groups>
    </groups>
    <test name="Test" duration-ms="60" started-at="2021-11-14T19:34:34 IST" finished-at="2021-11-14T19:34:34 IST">
      <class name="TestNGPrac.ClassTwo">
        <test-method status="PASS" signature="classTwomethodOne()[pri:0, instance:TestNGPrac.ClassTwo@3d8314f0]" name="classTwomethodOne" duration-ms="10" started-at="2021-11-14T19:34:34 IST" finished-at="2021-11-14T19:34:34 IST">
          <reporter-output>
          </reporter-output>
        </test-method> <!-- classTwomethodOne -->
      </class> <!-- TestNGPrac.ClassTwo -->
    </test> <!-- Test -->
  </suite> <!-- Suite (0) -->
</testng-results>
