<?xml version="1.0" encoding="UTF-8"?>
<testng-results skipped="0" failed="0" ignored="0" total="1" passed="1">
  <reporter-output>
  </reporter-output>
  <suite name="Default suite" duration-ms="34244" started-at="2022-03-09T19:07:49 IST" finished-at="2022-03-09T19:08:23 IST">
    <groups>
    </groups>
    <test name="Default test" duration-ms="34244" started-at="2022-03-09T19:07:49 IST" finished-at="2022-03-09T19:08:23 IST">
      <class name="PackageOne.BrowserStack">
        <test-method status="PASS" signature="openSTM()[pri:0, instance:PackageOne.BrowserStack@3d3fcdb0]" name="openSTM" duration-ms="34194" started-at="2022-03-09T19:07:49 IST" finished-at="2022-03-09T19:08:23 IST">
          <reporter-output>
          </reporter-output>
        </test-method> <!-- openSTM -->
      </class> <!-- PackageOne.BrowserStack -->
    </test> <!-- Default test -->
  </suite> <!-- Default suite -->
</testng-results>
