<?xml version="1.0" encoding="UTF-8"?>
<testng-results skipped="0" failed="0" total="2" passed="2">
  <reporter-output>
  </reporter-output>
  <suite name="Default suite" duration-ms="17653" started-at="2021-11-15T20:08:37Z" finished-at="2021-11-15T20:08:55Z">
    <groups>
    </groups>
    <test name="Default test" duration-ms="17653" started-at="2021-11-15T20:08:37Z" finished-at="2021-11-15T20:08:55Z">
      <class name="Day1.BrowserLanching">
        <test-method status="PASS" signature="f1()[pri:0, instance:Day1.BrowserLanching@184cf7cf]" name="f1" duration-ms="4239" started-at="2021-11-16T01:38:37Z" finished-at="2021-11-16T01:38:42Z">
          <reporter-output>
          </reporter-output>
        </test-method> <!-- f1 -->
        <test-method status="PASS" signature="f2()[pri:0, instance:Day1.BrowserLanching@184cf7cf]" name="f2" duration-ms="13395" started-at="2021-11-16T01:38:42Z" finished-at="2021-11-16T01:38:55Z">
          <reporter-output>
          </reporter-output>
        </test-method> <!-- f2 -->
      </class> <!-- Day1.BrowserLanching -->
    </test> <!-- Default test -->
  </suite> <!-- Default suite -->
</testng-results>
