<?xml version="1.0" encoding="UTF-8"?>
<!-- Generated by org.testng.reporters.JUnitXMLReporter -->
<testsuite hostname="SPITTALA-DEV-L" ignored="0" name="Test" tests="1" failures="1" timestamp="2022-04-12T20:07:14 IST" time="0.062" errors="0">
  <testcase name="add" time="0.038" classname="tpack.ClassOne">
    <failure type="java.lang.IllegalStateException" message="The path to the driver executable The path to the driver executable must be set by the webdriver.gecko.driver system property; for more information, see https://github.com/mozilla/geckodriver. The latest version can be downloaded from https://github.com/mozilla/geckodriver/releases">
      <![CDATA[java.lang.IllegalStateException: The path to the driver executable The path to the driver executable must be set by the webdriver.gecko.driver system property; for more information, see https://github.com/mozilla/geckodriver. The latest version can be downloaded from https://github.com/mozilla/geckodriver/releases
at org.openqa.selenium.internal.Require$StateChecker.nonNull(Require.java:280)
at org.openqa.selenium.remote.service.DriverService.findExecutable(DriverService.java:132)
at org.openqa.selenium.firefox.GeckoDriverService.access$100(GeckoDriverService.java:44)
at org.openqa.selenium.firefox.GeckoDriverService$Builder.findDefaultExecutable(GeckoDriverService.java:185)
at org.openqa.selenium.remote.service.DriverService$Builder.build(DriverService.java:434)
at org.openqa.selenium.firefox.FirefoxDriver.toExecutor(FirefoxDriver.java:232)
at org.openqa.selenium.firefox.FirefoxDriver.<init>(FirefoxDriver.java:186)
at org.openqa.selenium.firefox.FirefoxDriver.<init>(FirefoxDriver.java:164)
at tpack.ClassOne.add(ClassOne.java:13)
at java.util.ArrayList.forEach(Unknown Source)
... Removed 27 stack frames]]>
    </failure>
  </testcase> <!-- add -->
</testsuite> <!-- Test -->
