<?xml version="1.0" encoding="UTF-8"?>
<testng-results skipped="0" failed="0" ignored="0" total="1" passed="1">
  <reporter-output>
  </reporter-output>
  <suite name="Default suite" duration-ms="5312" started-at="2022-04-12T20:09:42 IST" finished-at="2022-04-12T20:09:47 IST">
    <groups>
    </groups>
    <test name="Default test" duration-ms="5312" started-at="2022-04-12T20:09:42 IST" finished-at="2022-04-12T20:09:47 IST">
      <class name="tpack.ClassOne">
        <test-method status="PASS" signature="add()[pri:0, instance:tpack.ClassOne@cb51256]" name="add" duration-ms="5287" started-at="2022-04-12T20:09:42 IST" finished-at="2022-04-12T20:09:47 IST">
          <reporter-output>
          </reporter-output>
        </test-method> <!-- add -->
      </class> <!-- tpack.ClassOne -->
    </test> <!-- Default test -->
  </suite> <!-- Default suite -->
</testng-results>
