<?xml version="1.0" encoding="UTF-8"?>
<!-- Generated by org.testng.reporters.JUnitXMLReporter -->
<testsuite ignored="3" hostname="DESKTOP-UAU9ODK" failures="0" tests="1" name="Test" time="0.052" errors="0" timestamp="2021-11-11T13:39:08 IST">
  <testcase classname="TestNGPractice.ClassTwo" name="MethodOne" time="0.005"/>
  <testcase classname="TestNGPractice.ClassTwo" name="MethodThree" time="0.0">
    <ignored/>
  </testcase> <!-- MethodThree -->
  <testcase classname="TestNGPractice.ClassOne" name="MethodOne" time="0.0">
    <ignored/>
  </testcase> <!-- MethodOne -->
  <testcase classname="TestNGPractice.ClassTwo" name="MethodTwo" time="0.0">
    <ignored/>
  </testcase> <!-- MethodTwo -->
</testsuite> <!-- Test -->
